<?xml version="1.0" encoding="UTF-8"?>
<!-- Generated by org.testng.reporters.JUnitReportReporter -->
<testsuite hostname="LAPTOP-3CI6OJ1U" failures="0" tests="1" name="com.AppWeb.TestClass.TestIt" time="34.046" errors="0" timestamp="2022-02-20T22:07:53 IST" skipped="0">
  <testcase classname="com.AppWeb.TestClass.TestIt" name="AmazonPay" time="34.046"/>
  <system-out>
    <![CDATA[Test Failed successfully]]>
  </system-out>
</testsuite> <!-- com.AppWeb.TestClass.TestIt -->
